<?xml version="1.0" encoding="UTF-8"?>
<!-- Generated by org.testng.reporters.JUnitReportReporter -->
<testsuite hostname="Omer-PC" name="testcasses_eprescription.Vital" tests="1" failures="0" timestamp="7 Jun 2016 05:52:47 GMT" time="148.447" errors="0">
  <testcase name="testTable" time="148.447" classname="testcasses_eprescription.Vital"/>
</testsuite> <!-- testcasses_eprescription.Vital -->
