<?xml version="1.0" encoding="UTF-8"?>
<!-- Generated by org.testng.reporters.JUnitReportReporter -->
<testsuite hostname="Omer-PC" name="testcasses_eprescription.Vital" tests="1" failures="0" timestamp="13 Jun 2016 11:22:42 GMT" time="102.640" errors="0">
  <testcase name="testTable" time="102.640" classname="testcasses_eprescription.Vital"/>
</testsuite> <!-- testcasses_eprescription.Vital -->
