<?xml version="1.0" encoding="UTF-8"?>
<!-- Generated by org.testng.reporters.JUnitReportReporter -->
<testsuite hostname="Omer-PC" name="testcasses_eprescription.TestOrder" tests="2" failures="0" timestamp="25 May 2016 19:28:46 GMT" time="216.783" errors="0">
  <testcase name="setProcedureData" time="35.249" classname="testcasses_eprescription.TestOrder"/>
  <testcase name="testSet" time="181.534" classname="testcasses_eprescription.TestOrder"/>
</testsuite> <!-- testcasses_eprescription.TestOrder -->
