<?xml version="1.0" encoding="UTF-8"?>
<!-- Generated by org.testng.reporters.JUnitReportReporter -->
<testsuite hostname="Omer-PC" name="testcasses_eprescription.LabHistoryTest" tests="1" failures="0" timestamp="24 May 2016 07:00:29 GMT" time="186.101" errors="0">
  <testcase name="testSeenPatient" time="186.101" classname="testcasses_eprescription.LabHistoryTest"/>
</testsuite> <!-- testcasses_eprescription.LabHistoryTest -->
