<?xml version="1.0" encoding="UTF-8"?>
<!-- Generated by org.testng.reporters.JUnitReportReporter -->
<testsuite hostname="Omer-PC" name="testcasses_eprescription.DeleteOrderSet" tests="7" failures="0" timestamp="13 Jun 2016 10:22:40 GMT" time="198.815" errors="0">
  <testcase name="deleteComplaints" time="92.291" classname="testcasses_eprescription.DeleteOrderSet"/>
  <testcase name="deleteDoctorNotes" time="1.147" classname="testcasses_eprescription.DeleteOrderSet"/>
  <testcase name="deleteLabSet" time="17.221" classname="testcasses_eprescription.DeleteOrderSet"/>
  <testcase name="deleteDiease" time="16.509" classname="testcasses_eprescription.DeleteOrderSet"/>
  <testcase name="deleteMedicine" time="26.772" classname="testcasses_eprescription.DeleteOrderSet"/>
  <testcase name="deleteProcedure" time="23.119" classname="testcasses_eprescription.DeleteOrderSet"/>
  <testcase name="deleteDiet" time="21.756" classname="testcasses_eprescription.DeleteOrderSet"/>
</testsuite> <!-- testcasses_eprescription.DeleteOrderSet -->
