<?xml version="1.0" encoding="UTF-8"?>
<!-- Generated by org.testng.reporters.JUnitReportReporter -->
<testsuite hostname="Omer-PC" name="testcasses_eprescription.TestOrder" tests="1" failures="0" timestamp="30 May 2016 09:35:20 GMT" time="290.258" errors="0">
  <testcase name="testSet" time="290.258" classname="testcasses_eprescription.TestOrder"/>
</testsuite> <!-- testcasses_eprescription.TestOrder -->
