<?xml version="1.0" encoding="UTF-8"?>
<!-- Generated by org.testng.reporters.JUnitReportReporter -->
<testsuite hostname="Omer-PC" name="testcasses_eprescription.QuickHistoryTest" tests="3" failures="0" timestamp="6 Jun 2016 07:53:13 GMT" time="442.296" errors="0">
  <testcase name="invalidDates" time="61.130" classname="testcasses_eprescription.QuickHistoryTest"/>
  <testcase name="verifyMrNumber" time="248.631" classname="testcasses_eprescription.QuickHistoryTest"/>
  <testcase name="AllClinic" time="132.535" classname="testcasses_eprescription.QuickHistoryTest"/>
</testsuite> <!-- testcasses_eprescription.QuickHistoryTest -->
