<?xml version="1.0" encoding="UTF-8"?>
<!-- Generated by org.testng.reporters.JUnitReportReporter -->
<testsuite hostname="Omer-PC" name="test.LoginTest" tests="3" failures="0" timestamp="6 May 2016 07:21:39 GMT" time="122.016" errors="0">
  <testcase name="forGetPassword" time="13.790" classname="test.LoginTest"/>
  <testcase name="Login" time="73.314" classname="test.LoginTest"/>
  <testcase name="NotLogin" time="34.912" classname="test.LoginTest"/>
</testsuite> <!-- test.LoginTest -->
