<?xml version="1.0" encoding="UTF-8"?>
<!-- Generated by org.testng.reporters.JUnitReportReporter -->
<testsuite hostname="Omer-PC" name="testcasses_eprescription.Eprescription" tests="1" failures="0" timestamp="18 May 2016 11:20:43 GMT" time="212.511" errors="0">
  <testcase name="verifyMrNumber" time="212.511" classname="testcasses_eprescription.Eprescription"/>
</testsuite> <!-- testcasses_eprescription.Eprescription -->
