<?xml version="1.0" encoding="UTF-8"?>
<!-- Generated by org.testng.reporters.JUnitReportReporter -->
<testsuite hostname="Omer-PC" name="testcasses_eprescription.LabHistoryTest" tests="1" failures="0" timestamp="6 Jun 2016 06:41:03 GMT" time="214.502" errors="0">
  <testcase name="insertLabSet" time="214.502" classname="testcasses_eprescription.LabHistoryTest"/>
</testsuite> <!-- testcasses_eprescription.LabHistoryTest -->
