<?xml version="1.0" encoding="UTF-8"?>
<!-- Generated by org.testng.reporters.JUnitReportReporter -->
<testsuite hostname="Omer-PC" name="testcasses_eprescription.NewTest" tests="1" failures="0" timestamp="16 May 2016 19:22:27 GMT" time="162.019" errors="0">
  <testcase name="verifyMrNumber" time="162.019" classname="testcasses_eprescription.NewTest"/>
</testsuite> <!-- testcasses_eprescription.NewTest -->
