<?xml version="1.0" encoding="UTF-8"?>
<!-- Generated by org.testng.reporters.JUnitReportReporter -->
<testsuite hostname="Omer-PC" name="test.Testing" tests="2" failures="0" timestamp="7 Jun 2016 18:19:19 GMT" time="52.542" errors="0">
  <testcase name="test" time="52.126" classname="test.Testing"/>
  <testcase name="test4" time="0.416" classname="test.Testing"/>
</testsuite> <!-- test.Testing -->
