<?xml version="1.0" encoding="UTF-8"?>
<!-- Generated by org.testng.reporters.JUnitReportReporter -->
<testsuite hostname="Omer-PC" name="test.AppointmentTest" tests="1" failures="0" timestamp="6 May 2016 18:43:26 GMT" time="109.349" errors="0">
  <testcase name="searchContact" time="109.349" classname="test.AppointmentTest"/>
</testsuite> <!-- test.AppointmentTest -->
