<?xml version="1.0" encoding="UTF-8"?>
<!-- Generated by org.testng.reporters.JUnitReportReporter -->
<testsuite hostname="Omer-PC" name="testcasses_eprescription.medicalCertificate" tests="1" failures="0" timestamp="6 Jun 2016 08:10:50 GMT" time="174.586" errors="0">
  <testcase name="enterData" time="174.586" classname="testcasses_eprescription.medicalCertificate"/>
</testsuite> <!-- testcasses_eprescription.medicalCertificate -->
